[debug] [2021-11-01T12:51:41.083Z] ----------------------------------------------------------------------
[debug] [2021-11-01T12:51:41.087Z] Command:       C:\Program Files\nodejs\node.exe C:\Users\HP\AppData\Roaming\npm\node_modules\firebase-tools\lib\bin\firebase.js init
[debug] [2021-11-01T12:51:41.088Z] CLI Version:   9.21.0
[debug] [2021-11-01T12:51:41.088Z] Platform:      win32
[debug] [2021-11-01T12:51:41.088Z] Node Version:  v14.17.1
[debug] [2021-11-01T12:51:41.089Z] Time:          Mon Nov 01 2021 18:51:41 GMT+0600 (Bangladesh Standard Time)
[debug] [2021-11-01T12:51:41.090Z] ----------------------------------------------------------------------
[debug] 
[debug] [2021-11-01T12:51:41.093Z] >>> [apiv2][query] GET https://firebase-public.firebaseio.com/cli.json [none]
[debug] [2021-11-01T12:51:41.171Z] > command requires scopes: ["email","openid","https://www.googleapis.com/auth/cloudplatformprojects.readonly","https://www.googleapis.com/auth/firebase","https://www.googleapis.com/auth/cloud-platform"]
[debug] [2021-11-01T12:51:41.171Z] > authorizing via signed-in user (hasnatulalam056@gmail.com)
[info] 
     ######## #### ########  ######## ########     ###     ######  ########
     ##        ##  ##     ## ##       ##     ##  ##   ##  ##       ##
     ######    ##  ########  ######   ########  #########  ######  ######
     ##        ##  ##    ##  ##       ##     ## ##     ##       ## ##
     ##       #### ##     ## ######## ########  ##     ##  ######  ########

You're about to initialize a Firebase project in this directory:

  I:\mongodb\khorshed

Before we get started, keep in mind:

  * You are initializing within an existing Firebase project directory

[debug] [2021-11-01T12:51:42.329Z] <<< [apiv2][status] GET https://firebase-public.firebaseio.com/cli.json 200
[debug] [2021-11-01T12:51:42.329Z] <<< [apiv2][body] GET https://firebase-public.firebaseio.com/cli.json {"cloudBuildErrorAfter":1594252800000,"cloudBuildWarnAfter":1590019200000,"defaultNode10After":1594252800000,"minVersion":"3.0.5","node8DeploysDisabledAfter":1613390400000,"node8RuntimeDisabledAfter":1615809600000,"node8WarnAfter":1600128000000}
[debug] [2021-11-01T12:53:07.421Z] ----------------------------------------------------------------------
[debug] [2021-11-01T12:53:07.424Z] Command:       C:\Program Files\nodejs\node.exe C:\Users\HP\AppData\Roaming\npm\node_modules\firebase-tools\lib\bin\firebase.js init
[debug] [2021-11-01T12:53:07.424Z] CLI Version:   9.21.0
[debug] [2021-11-01T12:53:07.424Z] Platform:      win32
[debug] [2021-11-01T12:53:07.424Z] Node Version:  v14.17.1
[debug] [2021-11-01T12:53:07.425Z] Time:          Mon Nov 01 2021 18:53:07 GMT+0600 (Bangladesh Standard Time)
[debug] [2021-11-01T12:53:07.425Z] ----------------------------------------------------------------------
[debug] 
[debug] [2021-11-01T12:53:07.497Z] > command requires scopes: ["email","openid","https://www.googleapis.com/auth/cloudplatformprojects.readonly","https://www.googleapis.com/auth/firebase","https://www.googleapis.com/auth/cloud-platform"]
[debug] [2021-11-01T12:53:07.497Z] > authorizing via signed-in user (hasnatulalam056@gmail.com)
[info] 
     ######## #### ########  ######## ########     ###     ######  ########
     ##        ##  ##     ## ##       ##     ##  ##   ##  ##       ##
     ######    ##  ########  ######   ########  #########  ######  ######
     ##        ##  ##    ##  ##       ##     ## ##     ##       ## ##
     ##       #### ##     ## ######## ########  ##     ##  ######  ########

You're about to initialize a Firebase project in this directory:

  I:\mongodb\khorshed

Before we get started, keep in mind:

  * You are initializing within an existing Firebase project directory

[info] 
=== Project Setup
[info] 
[info] First, let's associate this project directory with a Firebase project.
[info] You can create multiple project aliases by running firebase use --add, 
[info] but for now we'll just set up a default project.
[info] 
[debug] [2021-11-01T12:53:50.588Z] > refreshing access token with scopes: []
[debug] [2021-11-01T12:53:50.589Z] >>> HTTP REQUEST POST https://www.googleapis.com/oauth2/v3/token  
 <request body omitted>
[debug] [2021-11-01T12:53:51.038Z] <<< HTTP RESPONSE 200 {"date":"Mon, 01 Nov 2021 12:51:56 GMT","pragma":"no-cache","expires":"Mon, 01 Jan 1990 00:00:00 GMT","cache-control":"no-cache, no-store, max-age=0, must-revalidate","content-type":"application/json; charset=utf-8","vary":"X-Origin, Referer, Origin,Accept-Encoding","server":"scaffolding on HTTPServer2","x-xss-protection":"0","x-frame-options":"SAMEORIGIN","x-content-type-options":"nosniff","alt-svc":"h3=\":443\"; ma=2592000,h3-29=\":443\"; ma=2592000,h3-Q050=\":443\"; ma=2592000,h3-Q046=\":443\"; ma=2592000,h3-Q043=\":443\"; ma=2592000,quic=\":443\"; ma=2592000; v=\"46,43\"","accept-ranges":"none","transfer-encoding":"chunked"}
[debug] [2021-11-01T12:53:51.116Z] >>> [apiv2][query] GET https://firebase.googleapis.com/v1beta1/projects pageSize=100
[debug] [2021-11-01T12:53:52.059Z] <<< [apiv2][status] GET https://firebase.googleapis.com/v1beta1/projects 200
[debug] [2021-11-01T12:53:52.059Z] <<< [apiv2][body] GET https://firebase.googleapis.com/v1beta1/projects [omitted]
